<?xml version="1.0" encoding="UTF-8"?>
<!-- Generated by org.testng.reporters.JUnitReportReporter -->
<testsuite skipped="0" hostname="DESKTOP-CD7DCPV" name="com.testing.features.Parallel_concepts" tests="2" failures="0" timestamp="2022-04-01T18:06:01 IST" time="0.003" errors="0">
  <testcase name="username" time="0.002" classname="com.testing.features.Parallel_concepts"/>
  <system-out/>
  <testcase name="password" time="0.001" classname="com.testing.features.Parallel_concepts"/>
  <system-out/>
</testsuite> <!-- com.testing.features.Parallel_concepts -->
