<?xml version="1.0" encoding="UTF-8"?>
<!-- Generated by org.testng.reporters.JUnitReportReporter -->
<testsuite skipped="0" hostname="DESKTOP-CD7DCPV" name="com.testing.features.Dataprovider_concepts" tests="6" failures="0" timestamp="2022-04-01T18:06:01 IST" time="0.016" errors="0">
  <testcase name="automation_runner" time="0.002" classname="com.testing.features.Dataprovider_concepts"/>
  <system-out/>
  <testcase name="adactin_runner" time="0.001" classname="com.testing.features.Dataprovider_concepts"/>
  <system-out/>
  <testcase name="adactin_runner" time="0.002" classname="com.testing.features.Dataprovider_concepts"/>
  <system-out/>
  <testcase name="adactin_runner" time="0.001" classname="com.testing.features.Dataprovider_concepts"/>
  <system-out/>
  <testcase name="automation_runner" time="0.002" classname="com.testing.features.Dataprovider_concepts"/>
  <system-out/>
  <testcase name="automation_runner" time="0.008" classname="com.testing.features.Dataprovider_concepts"/>
  <system-out/>
</testsuite> <!-- com.testing.features.Dataprovider_concepts -->
